GROUP,PACKAGE,CLASS,INSTRUCTION_MISSED,INSTRUCTION_COVERED,BRANCH_MISSED,BRANCH_COVERED,LINE_MISSED,LINE_COVERED,COMPLEXITY_MISSED,COMPLEXITY_COVERED,METHOD_MISSED,METHOD_COVERED
maven-loader,de.softwareforge.testing.maven,MavenVersionMatchBuilder,0,100,0,2,0,31,0,15,0,14
maven-loader,de.softwareforge.testing.maven,VersionStrategy.SemVerVersionStrategy,6,41,0,2,2,13,0,4,0,3
maven-loader,de.softwareforge.testing.maven,VersionStrategy,0,41,1,5,0,6,1,8,0,6
maven-loader,de.softwareforge.testing.maven,MavenArtifactLoader,60,377,7,15,7,91,7,15,1,10
maven-loader,de.softwareforge.testing.maven,MavenArtifactLoader.new DefaultServiceLocator.ErrorHandler() {...},18,3,0,0,2,1,1,1,1,1
